g:\project\fsml180822\newlim\trylim\trylim\debug\vc120.pdb
g:\project\fsml180822\newlim\trylim\trylim\debug\vc120.idb
g:\project\fsml180822\newlim\trylim\trylim\debug\lim.obj
g:\project\fsml180822\newlim\trylim\trylim\debug\stdafx.obj
g:\project\fsml180822\newlim\trylim\trylim\debug\trylim.obj
f:\projectnew\fsml190307\newlim\trylim19\trylim\debug\vc120.pdb
f:\projectnew\fsml190307\newlim\trylim19\trylim\debug\vc120.idb
f:\projectnew\fsml190307\newlim\trylim19\trylim\debug\lim.obj
f:\projectnew\fsml190307\newlim\trylim19\trylim\debug\stdafx.obj
f:\projectnew\fsml190307\newlim\trylim19\trylim\debug\trylim.obj
f:\trylim19\trylim\debug\vc120.pdb
f:\trylim19\trylim\debug\vc120.idb
f:\trylim19\trylim\debug\lim.obj
f:\trylim19\trylim\debug\stdafx.obj
f:\trylim19\trylim\debug\trylim.obj
d:\visualstudiosolution\filpsscannerranging\trylim20\trylim\debug\vc142.pdb
d:\visualstudiosolution\filpsscannerranging\trylim20\trylim\debug\vc142.idb
d:\visualstudiosolution\filpsscannerranging\trylim20\trylim\debug\trylim.obj
d:\visualstudiosolution\filpsscannerranging\trylim20\trylim\debug\stdafx.obj
d:\visualstudiosolution\filpsscannerranging\trylim20\trylim\debug\lim.obj
g:\project\fsml180822\newlim\trylim\debug\trylim.ilk
g:\project\fsml180822\newlim\trylim\debug\trylim.exe
g:\project\fsml180822\newlim\trylim\debug\trylim.pdb
f:\projectnew\fsml190307\newlim\trylim19\debug\trylim.ilk
f:\projectnew\fsml190307\newlim\trylim19\debug\trylim.exe
f:\projectnew\fsml190307\newlim\trylim19\debug\trylim.pdb
f:\trylim19\debug\trylim.ilk
f:\trylim19\debug\trylim.exe
f:\trylim19\debug\trylim.pdb
d:\visualstudiosolution\filpsscannerranging\trylim20\debug\trylim.ilk
d:\visualstudiosolution\filpsscannerranging\trylim20\debug\trylim.exe
d:\visualstudiosolution\filpsscannerranging\trylim20\debug\trylim.pdb
d:\visualstudiosolution\filpsscannerranging\trylim20\trylim\debug\vc120.idb
d:\visualstudiosolution\filpsscannerranging\trylim20\trylim\debug\vc120.pdb
d:\visualstudiosolution\filpsscannerranging\trylim20\trylim\debug\trylim.tlog\cl.command.1.tlog
d:\visualstudiosolution\filpsscannerranging\trylim20\trylim\debug\trylim.tlog\cl.read.1.tlog
d:\visualstudiosolution\filpsscannerranging\trylim20\trylim\debug\trylim.tlog\cl.write.1.tlog
d:\visualstudiosolution\filpsscannerranging\trylim20\trylim\debug\trylim.tlog\link.command.1.tlog
d:\visualstudiosolution\filpsscannerranging\trylim20\trylim\debug\trylim.tlog\link.delete.1.tlog
d:\visualstudiosolution\filpsscannerranging\trylim20\trylim\debug\trylim.tlog\link.read.1.tlog
d:\visualstudiosolution\filpsscannerranging\trylim20\trylim\debug\trylim.tlog\link.write.1.tlog
