  源.cpp
D:\VisualStudioSolution\FilpsScannerRanging\ScannerRanging\VirtualPostClient\CoordTrans.h(39,26): warning C4244: “return”: 从“double”转换到“int”，可能丢失数据
D:\VisualStudioSolution\FilpsScannerRanging\ScannerRanging\NewDraw\源.cpp(128,20): warning C4305: “*=”: 从“double”到“float”截断
D:\VisualStudioSolution\FilpsScannerRanging\ScannerRanging\NewDraw\源.cpp(138,20): warning C4305: “*=”: 从“double”到“float”截断
D:\VisualStudioSolution\FilpsScannerRanging\ScannerRanging\NewDraw\源.cpp(143,25): warning C4305: “=”: 从“double”到“float”截断
D:\VisualStudioSolution\FilpsScannerRanging\ScannerRanging\NewDraw\源.cpp(334,42): warning C4244: “参数”: 从“double”转换到“int”，可能丢失数据
D:\VisualStudioSolution\FilpsScannerRanging\ScannerRanging\NewDraw\源.cpp(334,13): warning C4244: “参数”: 从“double”转换到“int”，可能丢失数据
D:\VisualStudioSolution\FilpsScannerRanging\ScannerRanging\NewDraw\源.cpp(337,18): warning C4244: “参数”: 从“double”转换到“int”，可能丢失数据
D:\VisualStudioSolution\FilpsScannerRanging\ScannerRanging\NewDraw\源.cpp(337,14): warning C4244: “参数”: 从“double”转换到“int”，可能丢失数据
D:\VisualStudioSolution\FilpsScannerRanging\ScannerRanging\NewDraw\源.cpp(344,42): warning C4244: “参数”: 从“double”转换到“int”，可能丢失数据
D:\VisualStudioSolution\FilpsScannerRanging\ScannerRanging\NewDraw\源.cpp(344,13): warning C4244: “参数”: 从“double”转换到“int”，可能丢失数据
D:\VisualStudioSolution\FilpsScannerRanging\ScannerRanging\NewDraw\源.cpp(347,18): warning C4244: “参数”: 从“double”转换到“int”，可能丢失数据
D:\VisualStudioSolution\FilpsScannerRanging\ScannerRanging\NewDraw\源.cpp(347,14): warning C4244: “参数”: 从“double”转换到“int”，可能丢失数据
D:\VisualStudioSolution\FilpsScannerRanging\ScannerRanging\NewDraw\源.cpp(366,4): warning C4244: “参数”: 从“double”转换到“int”，可能丢失数据
D:\VisualStudioSolution\FilpsScannerRanging\ScannerRanging\NewDraw\源.cpp(367,4): warning C4244: “参数”: 从“double”转换到“int”，可能丢失数据
D:\VisualStudioSolution\FilpsScannerRanging\ScannerRanging\NewDraw\源.cpp(368,4): warning C4244: “参数”: 从“double”转换到“int”，可能丢失数据
D:\VisualStudioSolution\FilpsScannerRanging\ScannerRanging\NewDraw\源.cpp(369,4): warning C4244: “参数”: 从“double”转换到“int”，可能丢失数据
D:\VisualStudioSolution\FilpsScannerRanging\ScannerRanging\NewDraw\源.cpp(370,4): warning C4244: “参数”: 从“double”转换到“int”，可能丢失数据
D:\VisualStudioSolution\FilpsScannerRanging\ScannerRanging\NewDraw\源.cpp(371,4): warning C4244: “参数”: 从“double”转换到“int”，可能丢失数据
D:\VisualStudioSolution\FilpsScannerRanging\ScannerRanging\NewDraw\源.cpp(372,4): warning C4244: “参数”: 从“double”转换到“int”，可能丢失数据
D:\VisualStudioSolution\FilpsScannerRanging\ScannerRanging\NewDraw\源.cpp(373,4): warning C4244: “参数”: 从“double”转换到“int”，可能丢失数据
D:\VisualStudioSolution\FilpsScannerRanging\ScannerRanging\NewDraw\源.cpp(374,4): warning C4244: “参数”: 从“double”转换到“int”，可能丢失数据
  正在生成代码
  3 of 650 functions ( 0.5%) were compiled, the rest were copied from previous compilation.
    2 functions were new in current compilation
    0 functions had inline decision re-evaluated but remain unchanged
  已完成代码的生成
  NewDraw.vcxproj -> D:\VisualStudioSolution\FilpsScannerRanging\ScannerRanging\Release\NewDraw.exe
